# JRE version: Java(TM) SE Runtime Environment (15.0.2+7) (build 15.0.2+7-27)
# Java VM: Java HotSpot(TM) 64-Bit Server VM (15.0.2+7-27, mixed mode, sharing, tiered, compressed oops, g1 gc, bsd-amd64)
GC Precious Log:
 CPUs: 4 total, 4 available
 Memory: 8192M
 Large Page Support: Disabled
 NUMA Support: Disabled
 Compressed Oops: Enabled (Zero based)
 Heap Region Size: 1M
 Heap Min Capacity: 8M
 Heap Initial Capacity: 128M
 Heap Max Capacity: 2G
 Pre-touch: Disabled
 Parallel Workers: 4
 Concurrent Workers: 1
 Concurrent Refinement Workers: 4
 Periodic GC: Disabled
Heap:
 garbage-first heap   total 63488K, used 24920K [0x0000000780000000, 0x0000000800000000)
  region size 1024K, 6 young (6144K), 3 survivors (3072K)
 Metaspace       used 24263K, capacity 24617K, committed 24828K, reserved 1071104K
  class space    used 3209K, capacity 3327K, committed 3404K, reserved 1048576K
GC Heap History (8 events):
Event: 0.522 GC heap before
{Heap before GC invocations=0 (full 0):
 garbage-first heap   total 133120K, used 13096K [0x0000000780000000, 0x0000000800000000)
  region size 1024K, 13 young (13312K), 0 survivors (0K)
 Metaspace       used 3803K, capacity 6156K, committed 6272K, reserved 1056768K
  class space    used 417K, capacity 599K, committed 640K, reserved 1048576K
}
Event: 0.526 GC heap after
{Heap after GC invocations=1 (full 0):
 garbage-first heap   total 133120K, used 2392K [0x0000000780000000, 0x0000000800000000)
  region size 1024K, 2 young (2048K), 2 survivors (2048K)
 Metaspace       used 3803K, capacity 6156K, committed 6272K, reserved 1056768K
  class space    used 417K, capacity 599K, committed 640K, reserved 1048576K
}
Event: 1.347 GC heap before
{Heap before GC invocations=1 (full 0):
 garbage-first heap   total 133120K, used 23896K [0x0000000780000000, 0x0000000800000000)
  region size 1024K, 24 young (24576K), 2 survivors (2048K)
 Metaspace       used 10399K, capacity 10913K, committed 11264K, reserved 1058816K
  class space    used 1352K, capacity 1438K, committed 1536K, reserved 1048576K
}
Event: 1.354 GC heap after
{Heap after GC invocations=2 (full 0):
 garbage-first heap   total 133120K, used 6186K [0x0000000780000000, 0x0000000800000000)
  region size 1024K, 3 young (3072K), 3 survivors (3072K)
 Metaspace       used 10399K, capacity 10913K, committed 11264K, reserved 1058816K
  class space    used 1352K, capacity 1438K, committed 1536K, reserved 1048576K
}
Event: 5.048 GC heap before
{Heap before GC invocations=2 (full 0):
 garbage-first heap   total 133120K, used 44074K [0x0000000780000000, 0x0000000800000000)
  region size 1024K, 39 young (39936K), 3 survivors (3072K)
 Metaspace       used 20875K, capacity 21211K, committed 21296K, reserved 1067008K
  class space    used 2809K, capacity 2923K, committed 2944K, reserved 1048576K
}
Event: 5.060 GC heap after
{Heap after GC invocations=3 (full 0):
 garbage-first heap   total 133120K, used 13018K [0x0000000780000000, 0x0000000800000000)
  region size 1024K, 8 young (8192K), 8 survivors (8192K)
 Metaspace       used 20875K, capacity 21211K, committed 21296K, reserved 1067008K
  class space    used 2809K, capacity 2923K, committed 2944K, reserved 1048576K
}
Event: 6.395 GC heap before
{Heap before GC invocations=4 (full 0):
 garbage-first heap   total 58368K, used 49882K [0x0000000780000000, 0x0000000800000000)
  region size 1024K, 34 young (34816K), 8 survivors (8192K)
 Metaspace       used 24042K, capacity 24444K, committed 24828K, reserved 1071104K
  class space    used 3194K, capacity 3314K, committed 3404K, reserved 1048576K
}
Event: 6.412 GC heap after
{Heap after GC invocations=5 (full 0):
 garbage-first heap   total 63488K, used 22872K [0x0000000780000000, 0x0000000800000000)
  region size 1024K, 3 young (3072K), 3 survivors (3072K)
 Metaspace       used 24042K, capacity 24444K, committed 24828K, reserved 1071104K
  class space    used 3194K, capacity 3314K, committed 3404K, reserved 1048576K
}

